<?xml version="1.0" encoding="UTF-8"?>
<coverage generated="1670849584946" clover="3.2.0">
  <project timestamp="1670849584946" name="All files">
    <metrics statements="23" coveredstatements="19" conditionals="12" coveredconditionals="10" methods="7" coveredmethods="5" elements="42" coveredelements="34" complexity="0" loc="23" ncloc="23" packages="2" files="2" classes="2"/>
    <package name="app">
      <metrics statements="1" coveredstatements="1" conditionals="0" coveredconditionals="0" methods="0" coveredmethods="0"/>
      <file name="store.ts" path="C:\Git\CTD-frontend\ctd-esp-final\src\app\store.ts">
        <metrics statements="1" coveredstatements="1" conditionals="0" coveredconditionals="0" methods="0" coveredmethods="0"/>
        <line num="5" count="1" type="stmt"/>
      </file>
    </package>
    <package name="features.quote">
      <metrics statements="22" coveredstatements="18" conditionals="12" coveredconditionals="10" methods="7" coveredmethods="5"/>
      <file name="Quote.tsx" path="C:\Git\CTD-frontend\ctd-esp-final\src\features\quote\Quote.tsx">
        <metrics statements="22" coveredstatements="18" conditionals="12" coveredconditionals="10" methods="7" coveredmethods="5"/>
        <line num="15" count="1" type="stmt"/>
        <line num="17" count="18" type="stmt"/>
        <line num="18" count="17" type="stmt"/>
        <line num="20" count="17" type="cond" truecount="4" falsecount="0"/>
        <line num="22" count="17" type="stmt"/>
        <line num="24" count="17" type="stmt"/>
        <line num="26" count="17" type="stmt"/>
        <line num="28" count="17" type="stmt"/>
        <line num="29" count="0" type="stmt"/>
        <line num="30" count="0" type="stmt"/>
        <line num="33" count="17" type="stmt"/>
        <line num="34" count="4" type="stmt"/>
        <line num="35" count="4" type="stmt"/>
        <line num="36" count="4" type="stmt"/>
        <line num="39" count="4" type="stmt"/>
        <line num="42" count="17" type="stmt"/>
        <line num="43" count="8" type="stmt"/>
        <line num="44" count="8" type="cond" truecount="1" falsecount="1"/>
        <line num="45" count="8" type="stmt"/>
        <line num="47" count="0" type="stmt"/>
        <line num="52" count="17" type="stmt"/>
        <line num="53" count="0" type="stmt"/>
      </file>
    </package>
  </project>
</coverage>
