<?xml version="1.0" encoding="UTF-8"?>
<coverage generated="1670952919531" clover="3.2.0">
  <project timestamp="1670952919531" name="All files">
    <metrics statements="56" coveredstatements="44" conditionals="20" coveredconditionals="17" methods="23" coveredmethods="16" elements="99" coveredelements="77" complexity="0" loc="56" ncloc="56" packages="2" files="5" classes="5"/>
    <package name="app">
      <metrics statements="1" coveredstatements="1" conditionals="0" coveredconditionals="0" methods="0" coveredmethods="0"/>
      <file name="store.ts" path="C:\Git\CTD-frontend\ctd-esp-final\src\app\store.ts">
        <metrics statements="1" coveredstatements="1" conditionals="0" coveredconditionals="0" methods="0" coveredmethods="0"/>
        <line num="5" count="1" type="stmt"/>
      </file>
    </package>
    <package name="features.quote">
      <metrics statements="55" coveredstatements="43" conditionals="20" coveredconditionals="17" methods="23" coveredmethods="16"/>
      <file name="Quote.tsx" path="C:\Git\CTD-frontend\ctd-esp-final\src\features\quote\Quote.tsx">
        <metrics statements="23" coveredstatements="19" conditionals="8" coveredconditionals="8" methods="8" coveredmethods="5"/>
        <line num="16" count="1" type="stmt"/>
        <line num="18" count="17" type="stmt"/>
        <line num="20" count="17" type="stmt"/>
        <line num="22" count="17" type="cond" truecount="4" falsecount="0"/>
        <line num="24" count="17" type="stmt"/>
        <line num="26" count="17" type="stmt"/>
        <line num="28" count="17" type="stmt"/>
        <line num="30" count="17" type="stmt"/>
        <line num="31" count="0" type="stmt"/>
        <line num="32" count="0" type="stmt"/>
        <line num="35" count="17" type="stmt"/>
        <line num="36" count="2" type="stmt"/>
        <line num="37" count="2" type="stmt"/>
        <line num="38" count="0" type="stmt"/>
        <line num="41" count="2" type="stmt"/>
        <line num="44" count="17" type="stmt"/>
        <line num="45" count="10" type="stmt"/>
        <line num="46" count="10" type="cond" truecount="2" falsecount="0"/>
        <line num="47" count="9" type="stmt"/>
        <line num="49" count="1" type="stmt"/>
        <line num="54" count="17" type="stmt"/>
        <line num="72" count="2" type="stmt"/>
        <line num="76" count="0" type="stmt"/>
      </file>
      <file name="quoteAPI.ts" path="C:\Git\CTD-frontend\ctd-esp-final\src\features\quote\quoteAPI.ts">
        <metrics statements="8" coveredstatements="5" conditionals="6" coveredconditionals="3" methods="1" coveredmethods="1"/>
        <line num="4" count="1" type="stmt"/>
        <line num="7" count="2" type="cond" truecount="2" falsecount="2"/>
        <line num="8" count="0" type="stmt"/>
        <line num="11" count="2" type="cond" truecount="1" falsecount="1"/>
        <line num="12" count="2" type="stmt"/>
        <line num="13" count="2" type="stmt"/>
        <line num="15" count="0" type="stmt"/>
        <line num="22" count="0" type="stmt"/>
      </file>
      <file name="quoteButton.tsx" path="C:\Git\CTD-frontend\ctd-esp-final\src\features\quote\quoteButton.tsx">
        <metrics statements="1" coveredstatements="1" conditionals="6" coveredconditionals="6" methods="1" coveredmethods="1"/>
        <line num="11" count="26" type="stmt"/>
      </file>
      <file name="quoteSlice.ts" path="C:\Git\CTD-frontend\ctd-esp-final\src\features\quote\quoteSlice.ts">
        <metrics statements="23" coveredstatements="18" conditionals="0" coveredconditionals="0" methods="13" coveredmethods="9"/>
        <line num="14" count="1" type="stmt"/>
        <line num="21" count="1" type="stmt"/>
        <line num="24" count="2" type="stmt"/>
        <line num="25" count="2" type="stmt"/>
        <line num="26" count="0" type="stmt"/>
        <line num="28" count="2" type="stmt"/>
        <line num="33" count="1" type="stmt"/>
        <line num="37" count="4" type="stmt"/>
        <line num="44" count="1" type="stmt"/>
        <line num="46" count="2" type="stmt"/>
        <line num="49" count="0" type="stmt"/>
        <line num="50" count="0" type="stmt"/>
        <line num="53" count="2" type="stmt"/>
        <line num="60" count="1" type="stmt"/>
        <line num="63" count="2" type="stmt"/>
        <line num="64" count="2" type="stmt"/>
        <line num="65" count="2" type="stmt"/>
        <line num="69" count="1" type="stmt"/>
        <line num="70" count="0" type="stmt"/>
        <line num="71" count="0" type="stmt"/>
        <line num="76" count="23" type="stmt"/>
        <line num="77" count="13" type="stmt"/>
        <line num="78" count="1" type="stmt"/>
      </file>
    </package>
  </project>
</coverage>
