{"C:\\Git\\CTD-frontend\\ctd-esp-final\\src\\app\\store.ts": {"path":"C:\\Git\\CTD-frontend\\ctd-esp-final\\src\\app\\store.ts","statementMap":{"0":{"start":{"line":5,"column":21},"end":{"line":9,"column":2}}},"fnMap":{},"branchMap":{},"s":{"0":1},"f":{},"b":{},"_coverageSchema":"1a1c01bbd47fc00a2c39e90264f33305004495a9","hash":"517e7a2345ec989e7b1b4961cae19aa9fae69a48"}
,"C:\\Git\\CTD-frontend\\ctd-esp-final\\src\\features\\quote\\Quote.tsx": {"path":"C:\\Git\\CTD-frontend\\ctd-esp-final\\src\\features\\quote\\Quote.tsx","statementMap":{"0":{"start":{"line":15,"column":21},"end":{"line":78,"column":1}},"1":{"start":{"line":17,"column":38},"end":{"line":17,"column":50}},"2":{"start":{"line":18,"column":48},"end":{"line":18,"column":63}},"3":{"start":{"line":20,"column":41},"end":{"line":20,"column":90}},"4":{"start":{"line":22,"column":23},"end":{"line":22,"column":54}},"5":{"start":{"line":24,"column":19},"end":{"line":24,"column":35}},"6":{"start":{"line":26,"column":27},"end":{"line":26,"column":70}},"7":{"start":{"line":26,"column":33},"end":{"line":26,"column":70}},"8":{"start":{"line":28,"column":23},"end":{"line":31,"column":3}},"9":{"start":{"line":29,"column":4},"end":{"line":29,"column":22}},"10":{"start":{"line":30,"column":4},"end":{"line":30,"column":22}},"11":{"start":{"line":33,"column":19},"end":{"line":40,"column":3}},"12":{"start":{"line":34,"column":4},"end":{"line":34,"column":34}},"13":{"start":{"line":35,"column":4},"end":{"line":37,"column":12}},"14":{"start":{"line":36,"column":6},"end":{"line":36,"column":50}},"15":{"start":{"line":39,"column":4},"end":{"line":39,"column":22}},"16":{"start":{"line":42,"column":2},"end":{"line":49,"column":18}},"17":{"start":{"line":43,"column":18},"end":{"line":43,"column":31}},"18":{"start":{"line":44,"column":4},"end":{"line":48,"column":5}},"19":{"start":{"line":45,"column":6},"end":{"line":45,"column":31}},"20":{"start":{"line":47,"column":6},"end":{"line":47,"column":30}},"21":{"start":{"line":52,"column":2},"end":{"line":77,"column":4}},"22":{"start":{"line":53,"column":54},"end":{"line":53,"column":72}}},"fnMap":{"0":{"name":"(anonymous_0)","decl":{"start":{"line":15,"column":21},"end":{"line":15,"column":22}},"loc":{"start":{"line":15,"column":27},"end":{"line":78,"column":1}},"line":15},"1":{"name":"(anonymous_1)","decl":{"start":{"line":26,"column":27},"end":{"line":26,"column":28}},"loc":{"start":{"line":26,"column":33},"end":{"line":26,"column":70}},"line":26},"2":{"name":"(anonymous_2)","decl":{"start":{"line":28,"column":23},"end":{"line":28,"column":24}},"loc":{"start":{"line":28,"column":29},"end":{"line":31,"column":3}},"line":28},"3":{"name":"(anonymous_3)","decl":{"start":{"line":33,"column":19},"end":{"line":33,"column":20}},"loc":{"start":{"line":33,"column":57},"end":{"line":40,"column":3}},"line":33},"4":{"name":"(anonymous_4)","decl":{"start":{"line":35,"column":15},"end":{"line":35,"column":16}},"loc":{"start":{"line":35,"column":21},"end":{"line":37,"column":5}},"line":35},"5":{"name":"(anonymous_5)","decl":{"start":{"line":42,"column":12},"end":{"line":42,"column":13}},"loc":{"start":{"line":42,"column":18},"end":{"line":49,"column":3}},"line":42},"6":{"name":"(anonymous_6)","decl":{"start":{"line":53,"column":47},"end":{"line":53,"column":48}},"loc":{"start":{"line":53,"column":54},"end":{"line":53,"column":72}},"line":53}},"branchMap":{"0":{"loc":{"start":{"line":20,"column":10},"end":{"line":20,"column":20}},"type":"default-arg","locations":[{"start":{"line":20,"column":18},"end":{"line":20,"column":20}}],"line":20},"1":{"loc":{"start":{"line":20,"column":22},"end":{"line":20,"column":36}},"type":"default-arg","locations":[{"start":{"line":20,"column":34},"end":{"line":20,"column":36}}],"line":20},"2":{"loc":{"start":{"line":20,"column":41},"end":{"line":20,"column":90}},"type":"binary-expr","locations":[{"start":{"line":20,"column":41},"end":{"line":20,"column":84}},{"start":{"line":20,"column":88},"end":{"line":20,"column":90}}],"line":20},"3":{"loc":{"start":{"line":44,"column":4},"end":{"line":48,"column":5}},"type":"if","locations":[{"start":{"line":44,"column":4},"end":{"line":48,"column":5}},{"start":{"line":46,"column":11},"end":{"line":48,"column":5}}],"line":44},"4":{"loc":{"start":{"line":65,"column":7},"end":{"line":65,"column":106}},"type":"cond-expr","locations":[{"start":{"line":65,"column":25},"end":{"line":65,"column":99}},{"start":{"line":65,"column":102},"end":{"line":65,"column":106}}],"line":65},"5":{"loc":{"start":{"line":68,"column":20},"end":{"line":68,"column":76}},"type":"cond-expr","locations":[{"start":{"line":68,"column":33},"end":{"line":68,"column":48}},{"start":{"line":68,"column":51},"end":{"line":68,"column":76}}],"line":68},"6":{"loc":{"start":{"line":71,"column":9},"end":{"line":71,"column":65}},"type":"cond-expr","locations":[{"start":{"line":71,"column":22},"end":{"line":71,"column":37}},{"start":{"line":71,"column":40},"end":{"line":71,"column":65}}],"line":71}},"s":{"0":1,"1":18,"2":17,"3":17,"4":17,"5":17,"6":17,"7":1,"8":17,"9":0,"10":0,"11":17,"12":4,"13":4,"14":4,"15":4,"16":17,"17":8,"18":8,"19":8,"20":0,"21":17,"22":0},"f":{"0":18,"1":1,"2":0,"3":4,"4":4,"5":8,"6":0},"b":{"0":[17],"1":[17],"2":[17,17],"3":[8,0],"4":[0,17],"5":[13,4],"6":[13,4]},"_coverageSchema":"1a1c01bbd47fc00a2c39e90264f33305004495a9","hash":"6d1aaa57e7c9a7b14e94923be5f7371e53da3bd1"}
}
