{"C:\\Git\\CTD-frontend\\ctd-esp-final\\src\\app\\store.ts": {"path":"C:\\Git\\CTD-frontend\\ctd-esp-final\\src\\app\\store.ts","statementMap":{"0":{"start":{"line":5,"column":21},"end":{"line":9,"column":2}}},"fnMap":{},"branchMap":{},"s":{"0":1},"f":{},"b":{},"_coverageSchema":"1a1c01bbd47fc00a2c39e90264f33305004495a9","hash":"517e7a2345ec989e7b1b4961cae19aa9fae69a48"}
,"C:\\Git\\CTD-frontend\\ctd-esp-final\\src\\features\\quote\\Quote.tsx": {"path":"C:\\Git\\CTD-frontend\\ctd-esp-final\\src\\features\\quote\\Quote.tsx","statementMap":{"0":{"start":{"line":16,"column":21},"end":{"line":80,"column":1}},"1":{"start":{"line":18,"column":38},"end":{"line":18,"column":50}},"2":{"start":{"line":20,"column":48},"end":{"line":20,"column":63}},"3":{"start":{"line":22,"column":41},"end":{"line":22,"column":90}},"4":{"start":{"line":24,"column":23},"end":{"line":24,"column":54}},"5":{"start":{"line":26,"column":19},"end":{"line":26,"column":35}},"6":{"start":{"line":28,"column":27},"end":{"line":28,"column":70}},"7":{"start":{"line":28,"column":33},"end":{"line":28,"column":70}},"8":{"start":{"line":30,"column":23},"end":{"line":33,"column":3}},"9":{"start":{"line":31,"column":4},"end":{"line":31,"column":22}},"10":{"start":{"line":32,"column":4},"end":{"line":32,"column":22}},"11":{"start":{"line":35,"column":19},"end":{"line":42,"column":3}},"12":{"start":{"line":36,"column":4},"end":{"line":36,"column":34}},"13":{"start":{"line":37,"column":4},"end":{"line":39,"column":12}},"14":{"start":{"line":38,"column":6},"end":{"line":38,"column":50}},"15":{"start":{"line":41,"column":4},"end":{"line":41,"column":22}},"16":{"start":{"line":44,"column":2},"end":{"line":51,"column":18}},"17":{"start":{"line":45,"column":18},"end":{"line":45,"column":31}},"18":{"start":{"line":46,"column":4},"end":{"line":50,"column":5}},"19":{"start":{"line":47,"column":6},"end":{"line":47,"column":31}},"20":{"start":{"line":49,"column":6},"end":{"line":49,"column":30}},"21":{"start":{"line":54,"column":2},"end":{"line":79,"column":4}},"22":{"start":{"line":72,"column":23},"end":{"line":72,"column":41}},"23":{"start":{"line":76,"column":23},"end":{"line":76,"column":37}}},"fnMap":{"0":{"name":"(anonymous_0)","decl":{"start":{"line":16,"column":21},"end":{"line":16,"column":22}},"loc":{"start":{"line":16,"column":27},"end":{"line":80,"column":1}},"line":16},"1":{"name":"(anonymous_1)","decl":{"start":{"line":28,"column":27},"end":{"line":28,"column":28}},"loc":{"start":{"line":28,"column":33},"end":{"line":28,"column":70}},"line":28},"2":{"name":"(anonymous_2)","decl":{"start":{"line":30,"column":23},"end":{"line":30,"column":24}},"loc":{"start":{"line":30,"column":29},"end":{"line":33,"column":3}},"line":30},"3":{"name":"(anonymous_3)","decl":{"start":{"line":35,"column":19},"end":{"line":35,"column":20}},"loc":{"start":{"line":35,"column":57},"end":{"line":42,"column":3}},"line":35},"4":{"name":"(anonymous_4)","decl":{"start":{"line":37,"column":15},"end":{"line":37,"column":16}},"loc":{"start":{"line":37,"column":21},"end":{"line":39,"column":5}},"line":37},"5":{"name":"(anonymous_5)","decl":{"start":{"line":44,"column":12},"end":{"line":44,"column":13}},"loc":{"start":{"line":44,"column":18},"end":{"line":51,"column":3}},"line":44},"6":{"name":"(anonymous_6)","decl":{"start":{"line":72,"column":17},"end":{"line":72,"column":18}},"loc":{"start":{"line":72,"column":23},"end":{"line":72,"column":41}},"line":72},"7":{"name":"(anonymous_7)","decl":{"start":{"line":76,"column":17},"end":{"line":76,"column":18}},"loc":{"start":{"line":76,"column":23},"end":{"line":76,"column":37}},"line":76}},"branchMap":{"0":{"loc":{"start":{"line":22,"column":10},"end":{"line":22,"column":20}},"type":"default-arg","locations":[{"start":{"line":22,"column":18},"end":{"line":22,"column":20}}],"line":22},"1":{"loc":{"start":{"line":22,"column":22},"end":{"line":22,"column":36}},"type":"default-arg","locations":[{"start":{"line":22,"column":34},"end":{"line":22,"column":36}}],"line":22},"2":{"loc":{"start":{"line":22,"column":41},"end":{"line":22,"column":90}},"type":"binary-expr","locations":[{"start":{"line":22,"column":41},"end":{"line":22,"column":84}},{"start":{"line":22,"column":88},"end":{"line":22,"column":90}}],"line":22},"3":{"loc":{"start":{"line":46,"column":4},"end":{"line":50,"column":5}},"type":"if","locations":[{"start":{"line":46,"column":4},"end":{"line":50,"column":5}},{"start":{"line":48,"column":11},"end":{"line":50,"column":5}}],"line":46},"4":{"loc":{"start":{"line":67,"column":7},"end":{"line":67,"column":106}},"type":"cond-expr","locations":[{"start":{"line":67,"column":25},"end":{"line":67,"column":99}},{"start":{"line":67,"column":102},"end":{"line":67,"column":106}}],"line":67}},"s":{"0":1,"1":10,"2":10,"3":10,"4":10,"5":10,"6":10,"7":0,"8":10,"9":0,"10":0,"11":10,"12":2,"13":2,"14":0,"15":2,"16":10,"17":8,"18":8,"19":7,"20":1,"21":10,"22":0,"23":0},"f":{"0":10,"1":0,"2":0,"3":2,"4":0,"5":8,"6":0,"7":0},"b":{"0":[10],"1":[10],"2":[10,10],"3":[7,1],"4":[1,9]},"_coverageSchema":"1a1c01bbd47fc00a2c39e90264f33305004495a9","hash":"1d5744e315ddf211202f2a25ad4597b02e272859"}
,"C:\\Git\\CTD-frontend\\ctd-esp-final\\src\\features\\quote\\quoteButton.tsx": {"path":"C:\\Git\\CTD-frontend\\ctd-esp-final\\src\\features\\quote\\quoteButton.tsx","statementMap":{"0":{"start":{"line":11,"column":2},"end":{"line":29,"column":3}}},"fnMap":{"0":{"name":"QuoteButton","decl":{"start":{"line":10,"column":16},"end":{"line":10,"column":27}},"loc":{"start":{"line":10,"column":78},"end":{"line":30,"column":1}},"line":10}},"branchMap":{"0":{"loc":{"start":{"line":13,"column":7},"end":{"line":26,"column":17}},"type":"cond-expr","locations":[{"start":{"line":15,"column":8},"end":{"line":20,"column":17}},{"start":{"line":22,"column":8},"end":{"line":26,"column":17}}],"line":13},"1":{"loc":{"start":{"line":16,"column":22},"end":{"line":16,"column":77}},"type":"cond-expr","locations":[{"start":{"line":16,"column":34},"end":{"line":16,"column":49}},{"start":{"line":16,"column":52},"end":{"line":16,"column":77}}],"line":16},"2":{"loc":{"start":{"line":19,"column":11},"end":{"line":19,"column":66}},"type":"cond-expr","locations":[{"start":{"line":19,"column":23},"end":{"line":19,"column":38}},{"start":{"line":19,"column":41},"end":{"line":19,"column":66}}],"line":19}},"s":{"0":20},"f":{"0":20},"b":{"0":[10,10],"1":[3,7],"2":[3,7]},"_coverageSchema":"1a1c01bbd47fc00a2c39e90264f33305004495a9","hash":"6d5c35a6e3f892488fd37324cc60157f38f01b43"}
}
