TN:
SF:src\app\store.ts
FNF:0
FNH:0
DA:5,1
LF:1
LH:1
BRF:0
BRH:0
end_of_record
TN:
SF:src\features\quote\Quote.tsx
FN:16,(anonymous_0)
FN:28,(anonymous_1)
FN:30,(anonymous_2)
FN:35,(anonymous_3)
FN:37,(anonymous_4)
FN:44,(anonymous_5)
FN:72,(anonymous_6)
FN:76,(anonymous_7)
FNF:8
FNH:5
FNDA:17,(anonymous_0)
FNDA:2,(anonymous_1)
FNDA:0,(anonymous_2)
FNDA:2,(anonymous_3)
FNDA:0,(anonymous_4)
FNDA:10,(anonymous_5)
FNDA:2,(anonymous_6)
FNDA:0,(anonymous_7)
DA:16,1
DA:18,17
DA:20,17
DA:22,17
DA:24,17
DA:26,17
DA:28,17
DA:30,17
DA:31,0
DA:32,0
DA:35,17
DA:36,2
DA:37,2
DA:38,0
DA:41,2
DA:44,17
DA:45,10
DA:46,10
DA:47,9
DA:49,1
DA:54,17
DA:72,2
DA:76,0
LF:23
LH:19
BRDA:22,0,0,17
BRDA:22,1,0,17
BRDA:22,2,0,17
BRDA:22,2,1,17
BRDA:46,3,0,9
BRDA:46,3,1,1
BRDA:67,4,0,1
BRDA:67,4,1,16
BRF:8
BRH:8
end_of_record
TN:
SF:src\features\quote\quoteAPI.ts
FN:4,(anonymous_0)
FNF:1
FNH:1
FNDA:2,(anonymous_0)
DA:4,1
DA:7,2
DA:8,0
DA:11,2
DA:12,2
DA:13,2
DA:15,0
DA:22,0
LF:8
LH:5
BRDA:7,0,0,0
BRDA:7,0,1,2
BRDA:7,1,0,2
BRDA:7,1,1,0
BRDA:11,2,0,0
BRDA:11,2,1,2
BRF:6
BRH:3
end_of_record
TN:
SF:src\features\quote\quoteButton.tsx
FN:10,QuoteButton
FNF:1
FNH:1
FNDA:26,QuoteButton
DA:11,26
LF:1
LH:1
BRDA:13,0,0,13
BRDA:13,0,1,13
BRDA:16,1,0,3
BRDA:16,1,1,10
BRDA:19,2,0,3
BRDA:19,2,1,10
BRF:6
BRH:6
end_of_record
TN:
SF:src\features\quote\quoteSlice.ts
FN:23,(anonymous_0)
FN:37,(anonymous_1)
FN:43,(anonymous_2)
FN:45,(anonymous_3)
FN:48,(anonymous_4)
FN:52,(anonymous_5)
FN:63,(anonymous_6)
FN:63,(anonymous_7)
FN:69,(anonymous_8)
FN:69,(anonymous_9)
FN:76,(anonymous_10)
FN:77,(anonymous_11)
FN:78,(anonymous_12)
FNF:13
FNH:9
FNDA:2,(anonymous_0)
FNDA:4,(anonymous_1)
FNDA:1,(anonymous_2)
FNDA:2,(anonymous_3)
FNDA:0,(anonymous_4)
FNDA:2,(anonymous_5)
FNDA:2,(anonymous_6)
FNDA:2,(anonymous_7)
FNDA:0,(anonymous_8)
FNDA:0,(anonymous_9)
FNDA:23,(anonymous_10)
FNDA:13,(anonymous_11)
FNDA:0,(anonymous_12)
DA:14,1
DA:21,1
DA:24,2
DA:25,2
DA:26,0
DA:28,2
DA:33,1
DA:37,4
DA:44,1
DA:46,2
DA:49,0
DA:50,0
DA:53,2
DA:60,1
DA:63,2
DA:64,2
DA:65,2
DA:69,1
DA:70,0
DA:71,0
DA:76,23
DA:77,13
DA:78,1
LF:23
LH:18
BRF:0
BRH:0
end_of_record
