TN:
SF:src\app\store.ts
FNF:0
FNH:0
DA:5,1
LF:1
LH:1
BRF:0
BRH:0
end_of_record
TN:
SF:src\features\quote\Quote.tsx
FN:15,(anonymous_0)
FN:26,(anonymous_1)
FN:28,(anonymous_2)
FN:33,(anonymous_3)
FN:35,(anonymous_4)
FN:42,(anonymous_5)
FN:53,(anonymous_6)
FNF:7
FNH:5
FNDA:18,(anonymous_0)
FNDA:1,(anonymous_1)
FNDA:0,(anonymous_2)
FNDA:4,(anonymous_3)
FNDA:4,(anonymous_4)
FNDA:8,(anonymous_5)
FNDA:0,(anonymous_6)
DA:15,1
DA:17,18
DA:18,17
DA:20,17
DA:22,17
DA:24,17
DA:26,17
DA:28,17
DA:29,0
DA:30,0
DA:33,17
DA:34,4
DA:35,4
DA:36,4
DA:39,4
DA:42,17
DA:43,8
DA:44,8
DA:45,8
DA:47,0
DA:52,17
DA:53,0
LF:22
LH:18
BRDA:20,0,0,17
BRDA:20,1,0,17
BRDA:20,2,0,17
BRDA:20,2,1,17
BRDA:44,3,0,8
BRDA:44,3,1,0
BRDA:65,4,0,0
BRDA:65,4,1,17
BRDA:68,5,0,13
BRDA:68,5,1,4
BRDA:71,6,0,13
BRDA:71,6,1,4
BRF:12
BRH:10
end_of_record
